game/build-f01-isolated/intermediates/manifest_merge_blame_file/debug/processDebugManifest/manifest-merger-blame-debug-report.txt
1<?xml version="1.0" encoding="utf-8"?>
2<manifest xmlns:android="http://schemas.android.com/apk/res/android"
3    xmlns:dist="http://schemas.android.com/apk/distribution"
4    package="com.adsamcik.tracker.game" >
5
6    <uses-sdk android:minSdkVersion="26" />
6-->INJECTED
6-->INJECTED
7
8    <uses-permission android:name="${applicationId}.permission.TRACKER" />
8-->src\main\AndroidManifest.xml:4:5-75
8-->src\main\AndroidManifest.xml:4:22-72
9
10    <dist:module dist:title="@string/module_game_title" >
10-->src\main\AndroidManifest.xml:6:5-11:19
10-->src\main\AndroidManifest.xml:6:18-56
11        <dist:delivery>
11-->src\main\AndroidManifest.xml:7:9-9:25
12            <dist:install-time />
12-->src\main\AndroidManifest.xml:8:13-34
13        </dist:delivery>
14
15        <dist:fusing dist:include="false" />
15-->src\main\AndroidManifest.xml:10:9-45
15-->src\main\AndroidManifest.xml:10:22-42
16    </dist:module>
17
18    <application>
18-->src\debug\AndroidManifest.xml:2:5-7:19
19        <activity
19-->src\debug\AndroidManifest.xml:3:9-6:48
20            android:name="com.adsamcik.tracker.game.ui.compose.HostTestActivity"
20-->src\debug\AndroidManifest.xml:4:13-81
21            android:exported="false"
21-->src\debug\AndroidManifest.xml:5:13-37
22            android:label="HostTestActivity" />
22-->src\debug\AndroidManifest.xml:6:13-45
23    </application>
24
25</manifest>